Using pre-set license
Built from '2022.3/release' branch; Version is '2022.3.20f1 (61c2feb0970d) revision 6406910'; Using compiler version '192829333'; Build Type 'Release'
OS: 'Windows 10  (10.0.19045) 64bit Professional' Language: 'ru' Physical Memory: 16225 MB
BatchMode: 1, IsHumanControllingUs: 0, StartBugReporterOnCrash: 0, Is64bit: 1, IsPro: 1

COMMAND LINE ARGUMENTS:
C:\Program Files\Unity\Hub\Editor\2022.3.20f1\Editor\Unity.exe
-adb2
-batchMode
-noUpm
-name
AssetImportWorker2
-projectPath
C:/pomka/WebGLOrenProject
-logFile
Logs/AssetImportWorker2.log
-srvPort
49747
Successfully changed project path to: C:/pomka/WebGLOrenProject
C:/pomka/WebGLOrenProject
[UnityMemory] Configuration Parameters - Can be set up in boot.config
    "memorysetup-bucket-allocator-granularity=16"
    "memorysetup-bucket-allocator-bucket-count=8"
    "memorysetup-bucket-allocator-block-size=33554432"
    "memorysetup-bucket-allocator-block-count=8"
    "memorysetup-main-allocator-block-size=16777216"
    "memorysetup-thread-allocator-block-size=16777216"
    "memorysetup-gfx-main-allocator-block-size=16777216"
    "memorysetup-gfx-thread-allocator-block-size=16777216"
    "memorysetup-cache-allocator-block-size=4194304"
    "memorysetup-typetree-allocator-block-size=2097152"
    "memorysetup-profiler-bucket-allocator-granularity=16"
    "memorysetup-profiler-bucket-allocator-bucket-count=8"
    "memorysetup-profiler-bucket-allocator-block-size=33554432"
    "memorysetup-profiler-bucket-allocator-block-count=8"
    "memorysetup-profiler-allocator-block-size=16777216"
    "memorysetup-profiler-editor-allocator-block-size=1048576"
    "memorysetup-temp-allocator-size-main=16777216"
    "memorysetup-job-temp-allocator-block-size=2097152"
    "memorysetup-job-temp-allocator-block-size-background=1048576"
    "memorysetup-job-temp-allocator-reduction-small-platforms=262144"
    "memorysetup-allocator-temp-initial-block-size-main=262144"
    "memorysetup-allocator-temp-initial-block-size-worker=262144"
    "memorysetup-temp-allocator-size-background-worker=32768"
    "memorysetup-temp-allocator-size-job-worker=262144"
    "memorysetup-temp-allocator-size-preload-manager=33554432"
    "memorysetup-temp-allocator-size-nav-mesh-worker=65536"
    "memorysetup-temp-allocator-size-audio-worker=65536"
    "memorysetup-temp-allocator-size-cloud-worker=32768"
    "memorysetup-temp-allocator-size-gi-baking-worker=262144"
    "memorysetup-temp-allocator-size-gfx=262144"
Player connection [7508] Host "[IP] 192.168.1.105 [Port] 0 [Flags] 2 [Guid] 1136854796 [EditorId] 1136854796 [Version] 1048832 [Id] WindowsEditor(7,HOME-PC) [Debug] 1 [PackageName] WindowsEditor [ProjectName] Editor" joined multi-casting on [225.0.0.222:54997]...

Player connection [7508] Host "[IP] 192.168.1.105 [Port] 0 [Flags] 2 [Guid] 1136854796 [EditorId] 1136854796 [Version] 1048832 [Id] WindowsEditor(7,HOME-PC) [Debug] 1 [PackageName] WindowsEditor [ProjectName] Editor" joined alternative multi-casting on [225.0.0.222:34997]...

[Physics::Module] Initialized MultithreadedJobDispatcher with 19 workers.
Refreshing native plugins compatible for Editor in 154.00 ms, found 4 plugins.
Preloading 0 native plugins for Editor in 0.00 ms.
Initialize engine version: 2022.3.20f1 (61c2feb0970d)
[Subsystems] Discovering subsystems at path C:/Program Files/Unity/Hub/Editor/2022.3.20f1/Editor/Data/Resources/UnitySubsystems
[Subsystems] Discovering subsystems at path C:/pomka/WebGLOrenProject/Assets
GfxDevice: creating device client; threaded=0; jobified=0
Direct3D:
    Version:  Direct3D 11.0 [level 11.1]
    Renderer: AMD Radeon RX 580 2048SP (ID=0x6fdf)
    Vendor:   ATI
    VRAM:     8170 MB
    Driver:   31.0.12027.9001
Shader Hidden/ProbeVolume/VoxelizeScene is not supported: GPU does not support conservative rasterization
Initialize mono
Mono path[0] = 'C:/Program Files/Unity/Hub/Editor/2022.3.20f1/Editor/Data/Managed'
Mono path[1] = 'C:/Program Files/Unity/Hub/Editor/2022.3.20f1/Editor/Data/MonoBleedingEdge/lib/mono/unityjit-win32'
Mono config path = 'C:/Program Files/Unity/Hub/Editor/2022.3.20f1/Editor/Data/MonoBleedingEdge/etc'
Using monoOptions --debugger-agent=transport=dt_socket,embedding=1,server=y,suspend=n,address=127.0.0.1:56260
Begin MonoManager ReloadAssembly
Registering precompiled unity dll's ...
Register platform support module: C:/Program Files/Unity/Hub/Editor/2022.3.20f1/Editor/Data/PlaybackEngines/WebGLSupport/UnityEditor.WebGL.Extensions.dll
Register platform support module: C:/Program Files/Unity/Hub/Editor/2022.3.20f1/Editor/Data/PlaybackEngines/AndroidPlayer/UnityEditor.Android.Extensions.dll
Register platform support module: C:/Program Files/Unity/Hub/Editor/2022.3.20f1/Editor/Data/PlaybackEngines/WindowsStandaloneSupport/UnityEditor.WindowsStandalone.Extensions.dll
Registered in 0.013366 seconds.
- Loaded All Assemblies, in  1.135 seconds
Native extension for WindowsStandalone target not found
Native extension for Android target not found
Android Extension - Scanning For ADB Devices 441 ms
Native extension for WebGL target not found
Mono: successfully reloaded assembly
- Finished resetting the current domain, in  0.957 seconds
Domain Reload Profiling: 2090ms
	BeginReloadAssembly (150ms)
		ExecutionOrderSort (0ms)
		DisableScriptedObjects (0ms)
		BackupInstance (0ms)
		ReleaseScriptingObjects (0ms)
		CreateAndSetChildDomain (1ms)
	RebuildCommonClasses (243ms)
	RebuildNativeTypeToScriptingClass (18ms)
	initialDomainReloadingComplete (91ms)
	LoadAllAssembliesAndSetupDomain (632ms)
		LoadAssemblies (148ms)
		RebuildTransferFunctionScriptingTraits (0ms)
		AnalyzeDomain (628ms)
			TypeCache.Refresh (627ms)
				TypeCache.ScanAssembly (608ms)
			ScanForSourceGeneratedMonoScriptInfo (1ms)
			ResolveRequiredComponents (1ms)
	FinalizeReload (957ms)
		ReleaseScriptCaches (0ms)
		RebuildScriptCaches (0ms)
		SetupLoadedEditorAssemblies (877ms)
			LogAssemblyErrors (0ms)
			InitializePlatformSupportModulesInManaged (610ms)
			SetLoadedEditorAssemblies (6ms)
			RefreshPlugins (0ms)
			BeforeProcessingInitializeOnLoad (3ms)
			ProcessInitializeOnLoadAttributes (182ms)
			ProcessInitializeOnLoadMethodAttributes (76ms)
			AfterProcessingInitializeOnLoad (0ms)
			EditorAssembliesLoaded (0ms)
		ExecutionOrderSort2 (0ms)
		AwakeInstancesAfterBackupRestoration (0ms)
========================================================================
Worker process is ready to serve import requests
Begin MonoManager ReloadAssembly
- Loaded All Assemblies, in  1.286 seconds
Refreshing native plugins compatible for Editor in 5.66 ms, found 4 plugins.
Native extension for WindowsStandalone target not found
Native extension for Android target not found
Native extension for WebGL target not found
Package Manager log level set to [2]
[Package Manager] Server::EnsureServerProcessIsRunning -- launch failed, reason: Unity was launched with the -noUpm command-line argument
[Package Manager] UpmClient::Send -- Unable to send message (not connected to UPM process).
[Package Manager] Cannot connect to Unity Package Manager local server
Mono: successfully reloaded assembly
- Finished resetting the current domain, in  1.093 seconds
Domain Reload Profiling: 2376ms
	BeginReloadAssembly (236ms)
		ExecutionOrderSort (0ms)
		DisableScriptedObjects (9ms)
		BackupInstance (0ms)
		ReleaseScriptingObjects (0ms)
		CreateAndSetChildDomain (45ms)
	RebuildCommonClasses (57ms)
	RebuildNativeTypeToScriptingClass (18ms)
	initialDomainReloadingComplete (64ms)
	LoadAllAssembliesAndSetupDomain (907ms)
		LoadAssemblies (480ms)
		RebuildTransferFunctionScriptingTraits (0ms)
		AnalyzeDomain (554ms)
			TypeCache.Refresh (487ms)
				TypeCache.ScanAssembly (382ms)
			ScanForSourceGeneratedMonoScriptInfo (45ms)
			ResolveRequiredComponents (21ms)
	FinalizeReload (1094ms)
		ReleaseScriptCaches (0ms)
		RebuildScriptCaches (0ms)
		SetupLoadedEditorAssemblies (815ms)
			LogAssemblyErrors (0ms)
			InitializePlatformSupportModulesInManaged (38ms)
			SetLoadedEditorAssemblies (8ms)
			RefreshPlugins (0ms)
			BeforeProcessingInitializeOnLoad (129ms)
			ProcessInitializeOnLoadAttributes (514ms)
			ProcessInitializeOnLoadMethodAttributes (118ms)
			AfterProcessingInitializeOnLoad (8ms)
			EditorAssembliesLoaded (0ms)
		ExecutionOrderSort2 (0ms)
		AwakeInstancesAfterBackupRestoration (8ms)
Shader Hidden/ProbeVolume/VoxelizeScene is not supported: GPU does not support conservative rasterization
Launched and connected shader compiler UnityShaderCompiler.exe after 0.07 seconds
Refreshing native plugins compatible for Editor in 8.56 ms, found 4 plugins.
Preloading 0 native plugins for Editor in 0.00 ms.
Unloading 5813 Unused Serialized files (Serialized files now loaded: 0)
Unloading 88 unused Assets / (388.3 KB). Loaded Objects now: 6280.
Memory consumption went from 235.3 MB to 235.0 MB.
Total: 5.404300 ms (FindLiveObjects: 0.695700 ms CreateObjectMapping: 0.406600 ms MarkObjects: 4.049000 ms  DeleteObjects: 0.251800 ms)

AssetImportParameters requested are different than current active one (requested -> active):
  custom:container-demuxer-ogg: 62fdf1f143b41e24485cea50d1cbac27 -> 
  custom:video-decoder-ogg-theora: a1e56fd34408186e4bbccfd4996cb3dc -> 
  custom:framework-win-MediaFoundation: 216162199b28c13a410421893ffa2e32 -> 
  custom:CustomObjectIndexerAttribute: 62b5816608c3102f162a1797e29626cf -> 
  custom:container-demuxer-webm: 4f35f7cbe854078d1ac9338744f61a02 -> 
  custom:container-muxer-webm: aa71ff27fc2769a1b78a27578f13a17b -> 
  custom:video-decoder-webm-vp8: 9c59270c3fd7afecdb556c50c9e8de78 -> 
  custom:SearchIndexIgnoredProperties: e643bd26f0fe6173181afceb89e7c659 -> 
  custom:AudioImporter_EditorPlatform: d09bf68614088b80899f8185d706f6e7 -> 
  custom:video-encoder-webm-vp8: eb34c28f22e8b96e1ab97ce403110664 -> 
  custom:audio-decoder-ogg-vorbis: bf7c407c2cedff20999df2af8eb42d56 -> 
  custom:audio-encoder-webm-vorbis: bf7c407c2cedff20999df2af8eb42d56 -> 
========================================================================
Received Import Request.
  Time since last request: 1645.797356 seconds.
  path: Assets/Prinbles_Buttons_Analogue_I (v 1.0.1) (9_5_2023)/png/Rect-Dark-Default
  artifactKey: Guid(ffea6b02a3da9d040b4ad3b8da1d003d) Importer(815301076,1909f56bfc062723c751e8b465ee728b)
Start importing Assets/Prinbles_Buttons_Analogue_I (v 1.0.1) (9_5_2023)/png/Rect-Dark-Default using Guid(ffea6b02a3da9d040b4ad3b8da1d003d) Importer(815301076,1909f56bfc062723c751e8b465ee728b)  -> (artifact id: 'd9834a32f72f22ce7eb338702c67aefe') in 0.002521 seconds
Number of updated asset objects reloaded before import = 0
Number of asset objects unloaded after import = 0
========================================================================
Received Import Request.
  Time since last request: 0.035042 seconds.
  path: Assets/Prinbles_Buttons_Analogue_I (v 1.0.1) (9_5_2023)/png/Rect-Dark-Default/Cart.png
  artifactKey: Guid(924d0f491bce97247a64caa089411d4b) Importer(815301076,1909f56bfc062723c751e8b465ee728b)
Start importing Assets/Prinbles_Buttons_Analogue_I (v 1.0.1) (9_5_2023)/png/Rect-Dark-Default/Cart.png using Guid(924d0f491bce97247a64caa089411d4b) Importer(815301076,1909f56bfc062723c751e8b465ee728b)  -> (artifact id: '859091fdcf67e6d4611992c99b5c6b9a') in 0.223809 seconds
Number of updated asset objects reloaded before import = 0
Number of asset objects unloaded after import = 3
========================================================================
Received Import Request.
  Time since last request: 0.000027 seconds.
  path: Assets/Prinbles_Buttons_Analogue_I (v 1.0.1) (9_5_2023)/png/Rect-Dark-Default/Repeat-Right@0.25x-1.png
  artifactKey: Guid(b8befc2418c13c543b56a3a02692fc3e) Importer(815301076,1909f56bfc062723c751e8b465ee728b)
Start importing Assets/Prinbles_Buttons_Analogue_I (v 1.0.1) (9_5_2023)/png/Rect-Dark-Default/Repeat-Right@0.25x-1.png using Guid(b8befc2418c13c543b56a3a02692fc3e) Importer(815301076,1909f56bfc062723c751e8b465ee728b)  -> (artifact id: '2f3467fba93b046cf248366aaee8ec69') in 0.051501 seconds
Number of updated asset objects reloaded before import = 0
Number of asset objects unloaded after import = 3
========================================================================
Received Import Request.
  Time since last request: 0.000035 seconds.
  path: Assets/Prinbles_Buttons_Analogue_I (v 1.0.1) (9_5_2023)/png/Rect-Dark-Default/Music-On.png
  artifactKey: Guid(c81f60aaab93d6d4591e38c6aecfac84) Importer(815301076,1909f56bfc062723c751e8b465ee728b)
Start importing Assets/Prinbles_Buttons_Analogue_I (v 1.0.1) (9_5_2023)/png/Rect-Dark-Default/Music-On.png using Guid(c81f60aaab93d6d4591e38c6aecfac84) Importer(815301076,1909f56bfc062723c751e8b465ee728b)  -> (artifact id: 'd6d2ff3cc97d8085ccb9db90933bd6a4') in 0.058878 seconds
Number of updated asset objects reloaded before import = 0
Number of asset objects unloaded after import = 3
========================================================================
Received Import Request.
  Time since last request: 0.000033 seconds.
  path: Assets/Prinbles_Buttons_Analogue_I (v 1.0.1) (9_5_2023)/png/Rect-Dark-Default/Pause.png
  artifactKey: Guid(5cb94a6189736e443a1fe6dc653617e4) Importer(815301076,1909f56bfc062723c751e8b465ee728b)
Start importing Assets/Prinbles_Buttons_Analogue_I (v 1.0.1) (9_5_2023)/png/Rect-Dark-Default/Pause.png using Guid(5cb94a6189736e443a1fe6dc653617e4) Importer(815301076,1909f56bfc062723c751e8b465ee728b)  -> (artifact id: 'c5a3b5c0a1cc81ed565aa6300396d10c') in 0.109692 seconds
Number of updated asset objects reloaded before import = 0
Number of asset objects unloaded after import = 3
========================================================================
Received Import Request.
  Time since last request: 0.000041 seconds.
  path: Assets/Prinbles_Buttons_Analogue_I (v 1.0.1) (9_5_2023)/png/Rect-Dark-Default/Repeat-Right@0.5x-1.png
  artifactKey: Guid(b294aa86f2fb7a44e9b694ca03c4b956) Importer(815301076,1909f56bfc062723c751e8b465ee728b)
Start importing Assets/Prinbles_Buttons_Analogue_I (v 1.0.1) (9_5_2023)/png/Rect-Dark-Default/Repeat-Right@0.5x-1.png using Guid(b294aa86f2fb7a44e9b694ca03c4b956) Importer(815301076,1909f56bfc062723c751e8b465ee728b)  -> (artifact id: 'cdb3ac64183fe4896a614e3e71b11f65') in 0.027332 seconds
Number of updated asset objects reloaded before import = 0
Number of asset objects unloaded after import = 3
========================================================================
Received Import Request.
  Time since last request: 0.000031 seconds.
  path: Assets/Prinbles_Buttons_Analogue_I (v 1.0.1) (9_5_2023)/png/Rect-Dark-Default/Locker-Locked.png
  artifactKey: Guid(a8847b5b3323095478933514419dd7bb) Importer(815301076,1909f56bfc062723c751e8b465ee728b)
Start importing Assets/Prinbles_Buttons_Analogue_I (v 1.0.1) (9_5_2023)/png/Rect-Dark-Default/Locker-Locked.png using Guid(a8847b5b3323095478933514419dd7bb) Importer(815301076,1909f56bfc062723c751e8b465ee728b)  -> (artifact id: 'fb93787e4409a04aabe21cf98ee7b2fc') in 0.082996 seconds
Number of updated asset objects reloaded before import = 0
Number of asset objects unloaded after import = 3
========================================================================
Received Import Request.
  Time since last request: 0.000029 seconds.
  path: Assets/Prinbles_Buttons_Analogue_I (v 1.0.1) (9_5_2023)/png/Rect-Dark-Default/Repeat-Right@4x-1.png
  artifactKey: Guid(5bb1022865eb41d4d99f05eeecc95d09) Importer(815301076,1909f56bfc062723c751e8b465ee728b)
Start importing Assets/Prinbles_Buttons_Analogue_I (v 1.0.1) (9_5_2023)/png/Rect-Dark-Default/Repeat-Right@4x-1.png using Guid(5bb1022865eb41d4d99f05eeecc95d09) Importer(815301076,1909f56bfc062723c751e8b465ee728b)  -> (artifact id: 'c3924c6d1206ffd6f9b5a365a8fe13d9') in 0.143849 seconds
Number of updated asset objects reloaded before import = 0
Number of asset objects unloaded after import = 3
========================================================================
Received Import Request.
  Time since last request: 0.000027 seconds.
  path: Assets/Prinbles_Buttons_Analogue_I (v 1.0.1) (9_5_2023)/png/Rect-Dark-Default/Locker-Unlocked.png
  artifactKey: Guid(2f1fd70181138d7459b48aaa8474ae87) Importer(815301076,1909f56bfc062723c751e8b465ee728b)
Start importing Assets/Prinbles_Buttons_Analogue_I (v 1.0.1) (9_5_2023)/png/Rect-Dark-Default/Locker-Unlocked.png using Guid(2f1fd70181138d7459b48aaa8474ae87) Importer(815301076,1909f56bfc062723c751e8b465ee728b)  -> (artifact id: '97925ef58d519625063597ecda694ae2') in 0.189388 seconds
Number of updated asset objects reloaded before import = 0
Number of asset objects unloaded after import = 3
Editor requested this worker to shutdown with reason: Scaling down because of idle timeout
TcpMessagingSession - receive error: operation aborted. errorcode: 995, details: ќпераци€ ввода/вывода была прервана из-за завершени€ потока команд или по запросу приложени€.
AssetImportWorker is now disconnected from the server
Process exiting
Exiting without the bug reporter. Application will terminate with return code 0